{"C:\\Users\\HP\\Desktop\\EPN\\SLF\\NODE\\monitoreo\\src\\config\\plugins\\envs.plugin.ts": {"path":"C:\\Users\\HP\\Desktop\\EPN\\SLF\\NODE\\monitoreo\\src\\config\\plugins\\envs.plugin.ts","all":false,"statementMap":{"0":{"start":{"line":1,"column":0},"end":{"line":1,"column":22}},"1":{"start":{"line":2,"column":0},"end":{"line":2,"column":30}},"2":{"start":{"line":3,"column":0},"end":{"line":3,"column":0}},"3":{"start":{"line":4,"column":0},"end":{"line":4,"column":21}},"4":{"start":{"line":5,"column":0},"end":{"line":5,"column":52}},"5":{"start":{"line":6,"column":0},"end":{"line":6,"column":67}},"6":{"start":{"line":7,"column":0},"end":{"line":7,"column":74}},"7":{"start":{"line":8,"column":0},"end":{"line":8,"column":46}},"8":{"start":{"line":9,"column":0},"end":{"line":9,"column":68}},"9":{"start":{"line":10,"column":0},"end":{"line":10,"column":0}},"10":{"start":{"line":11,"column":0},"end":{"line":11,"column":58}},"11":{"start":{"line":12,"column":0},"end":{"line":12,"column":66}},"12":{"start":{"line":13,"column":0},"end":{"line":13,"column":60}},"13":{"start":{"line":14,"column":0},"end":{"line":14,"column":60}},"14":{"start":{"line":15,"column":0},"end":{"line":15,"column":1}}},"s":{"0":1,"1":1,"2":1,"3":1,"4":1,"5":1,"6":1,"7":1,"8":1,"9":1,"10":1,"11":1,"12":1,"13":1,"14":1},"branchMap":{},"b":{},"fnMap":{},"f":{}}
,"C:\\Users\\HP\\Desktop\\EPN\\SLF\\NODE\\monitoreo\\src\\data\\mongo\\index.ts": {"path":"C:\\Users\\HP\\Desktop\\EPN\\SLF\\NODE\\monitoreo\\src\\data\\mongo\\index.ts","all":false,"statementMap":{"0":{"start":{"line":1,"column":0},"end":{"line":1,"column":0}},"1":{"start":{"line":2,"column":0},"end":{"line":2,"column":22}},"2":{"start":{"line":3,"column":0},"end":{"line":3,"column":34}}},"s":{"0":1,"1":1,"2":1},"branchMap":{},"b":{},"fnMap":{},"f":{}}
,"C:\\Users\\HP\\Desktop\\EPN\\SLF\\NODE\\monitoreo\\src\\data\\mongo\\init.ts": {"path":"C:\\Users\\HP\\Desktop\\EPN\\SLF\\NODE\\monitoreo\\src\\data\\mongo\\init.ts","all":false,"statementMap":{"0":{"start":{"line":1,"column":0},"end":{"line":1,"column":31}},"1":{"start":{"line":2,"column":0},"end":{"line":2,"column":0}},"2":{"start":{"line":3,"column":0},"end":{"line":3,"column":29}},"3":{"start":{"line":4,"column":0},"end":{"line":4,"column":20}},"4":{"start":{"line":5,"column":0},"end":{"line":5,"column":18}},"5":{"start":{"line":6,"column":0},"end":{"line":6,"column":1}},"6":{"start":{"line":7,"column":0},"end":{"line":7,"column":0}},"7":{"start":{"line":8,"column":0},"end":{"line":8,"column":0}},"8":{"start":{"line":9,"column":0},"end":{"line":9,"column":22}},"9":{"start":{"line":10,"column":0},"end":{"line":10,"column":0}},"10":{"start":{"line":11,"column":0},"end":{"line":11,"column":55}},"11":{"start":{"line":12,"column":0},"end":{"line":12,"column":42}},"12":{"start":{"line":13,"column":0},"end":{"line":13,"column":0}},"13":{"start":{"line":14,"column":0},"end":{"line":14,"column":13}},"14":{"start":{"line":15,"column":0},"end":{"line":15,"column":12}},"15":{"start":{"line":16,"column":0},"end":{"line":16,"column":46}},"16":{"start":{"line":17,"column":0},"end":{"line":17,"column":22}},"17":{"start":{"line":18,"column":0},"end":{"line":18,"column":14}},"18":{"start":{"line":19,"column":0},"end":{"line":19,"column":0}},"19":{"start":{"line":20,"column":0},"end":{"line":20,"column":38}},"20":{"start":{"line":21,"column":0},"end":{"line":21,"column":23}},"21":{"start":{"line":22,"column":0},"end":{"line":22,"column":25}},"22":{"start":{"line":23,"column":0},"end":{"line":23,"column":61}},"23":{"start":{"line":24,"column":0},"end":{"line":24,"column":23}},"24":{"start":{"line":25,"column":0},"end":{"line":25,"column":9}},"25":{"start":{"line":26,"column":0},"end":{"line":26,"column":5}},"26":{"start":{"line":27,"column":0},"end":{"line":27,"column":1}}},"s":{"0":1,"1":1,"2":1,"3":1,"4":1,"5":1,"6":1,"7":1,"8":1,"9":1,"10":1,"11":4,"12":4,"13":4,"14":4,"15":4,"16":4,"17":4,"18":3,"19":3,"20":3,"21":3,"22":1,"23":1,"24":1,"25":4,"26":1},"branchMap":{"0":{"type":"branch","line":11,"loc":{"start":{"line":11,"column":17},"end":{"line":26,"column":5}},"locations":[{"start":{"line":11,"column":17},"end":{"line":26,"column":5}}]},"1":{"type":"branch","line":19,"loc":{"start":{"line":19,"column":-2},"end":{"line":25,"column":9}},"locations":[{"start":{"line":19,"column":-2},"end":{"line":25,"column":9}}]},"2":{"type":"branch","line":22,"loc":{"start":{"line":22,"column":10},"end":{"line":25,"column":9}},"locations":[{"start":{"line":22,"column":10},"end":{"line":25,"column":9}}]}},"b":{"0":[4],"1":[3],"2":[1]},"fnMap":{"0":{"name":"connect","decl":{"start":{"line":11,"column":17},"end":{"line":26,"column":5}},"loc":{"start":{"line":11,"column":17},"end":{"line":26,"column":5}},"line":11}},"f":{"0":4}}
,"C:\\Users\\HP\\Desktop\\EPN\\SLF\\NODE\\monitoreo\\src\\data\\mongo\\models\\log.model.ts": {"path":"C:\\Users\\HP\\Desktop\\EPN\\SLF\\NODE\\monitoreo\\src\\data\\mongo\\models\\log.model.ts","all":false,"statementMap":{"0":{"start":{"line":1,"column":0},"end":{"line":1,"column":32}},"1":{"start":{"line":2,"column":0},"end":{"line":2,"column":0}},"2":{"start":{"line":3,"column":0},"end":{"line":3,"column":39}},"3":{"start":{"line":4,"column":0},"end":{"line":4,"column":13}},"4":{"start":{"line":5,"column":0},"end":{"line":5,"column":21}},"5":{"start":{"line":6,"column":0},"end":{"line":6,"column":38}},"6":{"start":{"line":7,"column":0},"end":{"line":7,"column":22}},"7":{"start":{"line":8,"column":0},"end":{"line":8,"column":6}},"8":{"start":{"line":9,"column":0},"end":{"line":9,"column":14}},"9":{"start":{"line":10,"column":0},"end":{"line":10,"column":36}},"10":{"start":{"line":11,"column":0},"end":{"line":11,"column":6}},"11":{"start":{"line":12,"column":0},"end":{"line":12,"column":14}},"12":{"start":{"line":13,"column":0},"end":{"line":13,"column":22}},"13":{"start":{"line":14,"column":0},"end":{"line":14,"column":23}},"14":{"start":{"line":15,"column":0},"end":{"line":15,"column":6}},"15":{"start":{"line":16,"column":0},"end":{"line":16,"column":16}},"16":{"start":{"line":17,"column":0},"end":{"line":17,"column":19}},"17":{"start":{"line":18,"column":0},"end":{"line":18,"column":27}},"18":{"start":{"line":19,"column":0},"end":{"line":19,"column":5}},"19":{"start":{"line":20,"column":0},"end":{"line":20,"column":0}},"20":{"start":{"line":21,"column":0},"end":{"line":21,"column":2}},"21":{"start":{"line":22,"column":0},"end":{"line":22,"column":0}},"22":{"start":{"line":23,"column":0},"end":{"line":23,"column":56}}},"s":{"0":1,"1":1,"2":1,"3":1,"4":1,"5":1,"6":1,"7":1,"8":1,"9":1,"10":1,"11":1,"12":1,"13":1,"14":1,"15":1,"16":1,"17":1,"18":1,"19":1,"20":1,"21":1,"22":1},"branchMap":{},"b":{},"fnMap":{},"f":{}}
,"C:\\Users\\HP\\Desktop\\EPN\\SLF\\NODE\\monitoreo\\src\\domain\\entities\\log.entity.ts": {"path":"C:\\Users\\HP\\Desktop\\EPN\\SLF\\NODE\\monitoreo\\src\\domain\\entities\\log.entity.ts","all":false,"statementMap":{"0":{"start":{"line":1,"column":0},"end":{"line":1,"column":0}},"1":{"start":{"line":2,"column":0},"end":{"line":2,"column":30}},"2":{"start":{"line":3,"column":0},"end":{"line":3,"column":16}},"3":{"start":{"line":4,"column":0},"end":{"line":4,"column":22}},"4":{"start":{"line":5,"column":0},"end":{"line":5,"column":17}},"5":{"start":{"line":6,"column":0},"end":{"line":6,"column":1}},"6":{"start":{"line":7,"column":0},"end":{"line":7,"column":0}},"7":{"start":{"line":8,"column":0},"end":{"line":8,"column":35}},"8":{"start":{"line":9,"column":0},"end":{"line":9,"column":4}},"9":{"start":{"line":10,"column":0},"end":{"line":10,"column":28}},"10":{"start":{"line":11,"column":0},"end":{"line":11,"column":20}},"11":{"start":{"line":12,"column":0},"end":{"line":12,"column":21}},"12":{"start":{"line":13,"column":0},"end":{"line":13,"column":19}},"13":{"start":{"line":14,"column":0},"end":{"line":14,"column":1}},"14":{"start":{"line":15,"column":0},"end":{"line":15,"column":0}},"15":{"start":{"line":16,"column":0},"end":{"line":16,"column":24}},"16":{"start":{"line":17,"column":0},"end":{"line":17,"column":0}},"17":{"start":{"line":18,"column":0},"end":{"line":18,"column":35}},"18":{"start":{"line":19,"column":0},"end":{"line":19,"column":27}},"19":{"start":{"line":20,"column":0},"end":{"line":20,"column":27}},"20":{"start":{"line":21,"column":0},"end":{"line":21,"column":26}},"21":{"start":{"line":22,"column":0},"end":{"line":22,"column":0}},"22":{"start":{"line":23,"column":0},"end":{"line":23,"column":43}},"23":{"start":{"line":24,"column":0},"end":{"line":24,"column":72}},"24":{"start":{"line":25,"column":0},"end":{"line":25,"column":30}},"25":{"start":{"line":26,"column":0},"end":{"line":26,"column":26}},"26":{"start":{"line":27,"column":0},"end":{"line":27,"column":34}},"27":{"start":{"line":28,"column":0},"end":{"line":28,"column":28}},"28":{"start":{"line":29,"column":0},"end":{"line":29,"column":5}},"29":{"start":{"line":30,"column":0},"end":{"line":30,"column":0}},"30":{"start":{"line":31,"column":0},"end":{"line":31,"column":53}},"31":{"start":{"line":32,"column":0},"end":{"line":32,"column":44}},"32":{"start":{"line":33,"column":0},"end":{"line":33,"column":40}},"33":{"start":{"line":34,"column":0},"end":{"line":34,"column":25}},"34":{"start":{"line":35,"column":0},"end":{"line":35,"column":68}},"35":{"start":{"line":36,"column":0},"end":{"line":36,"column":61}},"36":{"start":{"line":37,"column":0},"end":{"line":37,"column":0}},"37":{"start":{"line":38,"column":0},"end":{"line":38,"column":91}},"38":{"start":{"line":39,"column":0},"end":{"line":39,"column":43}},"39":{"start":{"line":40,"column":0},"end":{"line":40,"column":18}},"40":{"start":{"line":41,"column":0},"end":{"line":41,"column":5}},"41":{"start":{"line":42,"column":0},"end":{"line":42,"column":0}},"42":{"start":{"line":43,"column":0},"end":{"line":43,"column":69}},"43":{"start":{"line":44,"column":0},"end":{"line":44,"column":58}},"44":{"start":{"line":45,"column":0},"end":{"line":45,"column":35}},"45":{"start":{"line":46,"column":0},"end":{"line":46,"column":42}},"46":{"start":{"line":47,"column":0},"end":{"line":47,"column":10}},"47":{"start":{"line":48,"column":0},"end":{"line":48,"column":18}},"48":{"start":{"line":49,"column":0},"end":{"line":49,"column":5}},"49":{"start":{"line":50,"column":0},"end":{"line":50,"column":0}},"50":{"start":{"line":51,"column":0},"end":{"line":51,"column":1}}},"s":{"0":1,"1":9,"2":9,"3":9,"4":9,"5":9,"6":1,"7":1,"8":1,"9":1,"10":1,"11":1,"12":1,"13":1,"14":1,"15":1,"16":1,"17":1,"18":1,"19":1,"20":1,"21":1,"22":1,"23":28,"24":28,"25":28,"26":28,"27":28,"28":28,"29":1,"30":1,"31":9,"32":9,"33":9,"34":9,"35":9,"36":9,"37":9,"38":9,"39":9,"40":9,"41":1,"42":1,"43":2,"44":2,"45":2,"46":2,"47":2,"48":2,"49":1,"50":1},"branchMap":{"0":{"type":"branch","line":2,"loc":{"start":{"line":2,"column":0},"end":{"line":6,"column":1}},"locations":[{"start":{"line":2,"column":0},"end":{"line":6,"column":1}}]},"1":{"type":"branch","line":23,"loc":{"start":{"line":23,"column":4},"end":{"line":29,"column":5}},"locations":[{"start":{"line":23,"column":4},"end":{"line":29,"column":5}}]},"2":{"type":"branch","line":31,"loc":{"start":{"line":31,"column":22},"end":{"line":41,"column":5}},"locations":[{"start":{"line":31,"column":22},"end":{"line":41,"column":5}}]},"3":{"type":"branch","line":33,"loc":{"start":{"line":33,"column":28},"end":{"line":33,"column":34}},"locations":[{"start":{"line":33,"column":28},"end":{"line":33,"column":34}}]},"4":{"type":"branch","line":33,"loc":{"start":{"line":33,"column":34},"end":{"line":33,"column":40}},"locations":[{"start":{"line":33,"column":34},"end":{"line":33,"column":40}}]},"5":{"type":"branch","line":43,"loc":{"start":{"line":43,"column":24},"end":{"line":49,"column":5}},"locations":[{"start":{"line":43,"column":24},"end":{"line":49,"column":5}}]}},"b":{"0":[9],"1":[28],"2":[9],"3":[3],"4":[6],"5":[2]},"fnMap":{"0":{"name":"LogEntity","decl":{"start":{"line":23,"column":4},"end":{"line":29,"column":5}},"loc":{"start":{"line":23,"column":4},"end":{"line":29,"column":5}},"line":23},"1":{"name":"Object.<anonymous>.LogEntity.fromJson","decl":{"start":{"line":31,"column":22},"end":{"line":41,"column":5}},"loc":{"start":{"line":31,"column":22},"end":{"line":41,"column":5}},"line":31},"2":{"name":"Object.<anonymous>.LogEntity.fromObject","decl":{"start":{"line":43,"column":24},"end":{"line":49,"column":5}},"loc":{"start":{"line":43,"column":24},"end":{"line":49,"column":5}},"line":43}},"f":{"0":28,"1":9,"2":2}}
,"C:\\Users\\HP\\Desktop\\EPN\\SLF\\NODE\\monitoreo\\src\\domain\\use-cases\\checks\\check-service-multiple.ts": {"path":"C:\\Users\\HP\\Desktop\\EPN\\SLF\\NODE\\monitoreo\\src\\domain\\use-cases\\checks\\check-service-multiple.ts","all":false,"statementMap":{"0":{"start":{"line":1,"column":0},"end":{"line":1,"column":71}},"1":{"start":{"line":2,"column":0},"end":{"line":2,"column":63}},"2":{"start":{"line":3,"column":0},"end":{"line":3,"column":0}},"3":{"start":{"line":4,"column":0},"end":{"line":4,"column":31}},"4":{"start":{"line":5,"column":0},"end":{"line":5,"column":43}},"5":{"start":{"line":6,"column":0},"end":{"line":6,"column":1}},"6":{"start":{"line":7,"column":0},"end":{"line":7,"column":0}},"7":{"start":{"line":8,"column":0},"end":{"line":8,"column":48}},"8":{"start":{"line":9,"column":0},"end":{"line":9,"column":58}},"9":{"start":{"line":10,"column":0},"end":{"line":10,"column":0}},"10":{"start":{"line":11,"column":0},"end":{"line":11,"column":65}},"11":{"start":{"line":12,"column":0},"end":{"line":12,"column":0}},"12":{"start":{"line":13,"column":0},"end":{"line":13,"column":16}},"13":{"start":{"line":14,"column":0},"end":{"line":14,"column":56}},"14":{"start":{"line":15,"column":0},"end":{"line":15,"column":58}},"15":{"start":{"line":16,"column":0},"end":{"line":16,"column":53}},"16":{"start":{"line":17,"column":0},"end":{"line":17,"column":7}},"17":{"start":{"line":18,"column":0},"end":{"line":18,"column":4}},"18":{"start":{"line":19,"column":0},"end":{"line":19,"column":37}},"19":{"start":{"line":20,"column":0},"end":{"line":20,"column":45}},"20":{"start":{"line":21,"column":0},"end":{"line":21,"column":32}},"21":{"start":{"line":22,"column":0},"end":{"line":22,"column":10}},"22":{"start":{"line":23,"column":0},"end":{"line":23,"column":5}},"23":{"start":{"line":24,"column":0},"end":{"line":24,"column":0}},"24":{"start":{"line":25,"column":0},"end":{"line":25,"column":57}},"25":{"start":{"line":26,"column":0},"end":{"line":26,"column":0}},"26":{"start":{"line":27,"column":0},"end":{"line":27,"column":35}},"27":{"start":{"line":28,"column":0},"end":{"line":28,"column":40}},"28":{"start":{"line":29,"column":0},"end":{"line":29,"column":49}},"29":{"start":{"line":30,"column":0},"end":{"line":30,"column":41}},"30":{"start":{"line":31,"column":0},"end":{"line":31,"column":9}},"31":{"start":{"line":32,"column":0},"end":{"line":32,"column":0}},"32":{"start":{"line":33,"column":0},"end":{"line":33,"column":13}},"33":{"start":{"line":34,"column":0},"end":{"line":34,"column":40}},"34":{"start":{"line":35,"column":0},"end":{"line":35,"column":24}},"35":{"start":{"line":36,"column":0},"end":{"line":36,"column":64}},"36":{"start":{"line":37,"column":0},"end":{"line":37,"column":13}},"37":{"start":{"line":38,"column":0},"end":{"line":38,"column":0}},"38":{"start":{"line":39,"column":0},"end":{"line":39,"column":55}},"39":{"start":{"line":40,"column":0},"end":{"line":40,"column":32}},"40":{"start":{"line":41,"column":0},"end":{"line":41,"column":58}},"41":{"start":{"line":42,"column":0},"end":{"line":42,"column":23}},"42":{"start":{"line":43,"column":0},"end":{"line":43,"column":22}},"43":{"start":{"line":44,"column":0},"end":{"line":44,"column":70}},"44":{"start":{"line":45,"column":0},"end":{"line":45,"column":47}},"45":{"start":{"line":46,"column":0},"end":{"line":46,"column":55}},"46":{"start":{"line":47,"column":0},"end":{"line":47,"column":32}},"47":{"start":{"line":48,"column":0},"end":{"line":48,"column":62}},"48":{"start":{"line":49,"column":0},"end":{"line":49,"column":24}},"49":{"start":{"line":50,"column":0},"end":{"line":50,"column":9}},"50":{"start":{"line":51,"column":0},"end":{"line":51,"column":5}},"51":{"start":{"line":52,"column":0},"end":{"line":52,"column":1}}},"s":{"0":1,"1":1,"2":1,"3":1,"4":1,"5":1,"6":1,"7":1,"8":1,"9":1,"10":1,"11":1,"12":1,"13":1,"14":1,"15":1,"16":1,"17":1,"18":1,"19":2,"20":4,"21":2,"22":2,"23":1,"24":1,"25":2,"26":2,"27":2,"28":2,"29":2,"30":2,"31":2,"32":2,"33":2,"34":2,"35":0,"36":0,"37":1,"38":1,"39":1,"40":1,"41":2,"42":2,"43":1,"44":1,"45":1,"46":1,"47":1,"48":1,"49":1,"50":2,"51":1},"branchMap":{"0":{"type":"branch","line":13,"loc":{"start":{"line":13,"column":4},"end":{"line":17,"column":7}},"locations":[{"start":{"line":13,"column":4},"end":{"line":17,"column":7}}]},"1":{"type":"branch","line":19,"loc":{"start":{"line":19,"column":12},"end":{"line":23,"column":5}},"locations":[{"start":{"line":19,"column":12},"end":{"line":23,"column":5}}]},"2":{"type":"branch","line":20,"loc":{"start":{"line":20,"column":35},"end":{"line":22,"column":9}},"locations":[{"start":{"line":20,"column":35},"end":{"line":22,"column":9}}]},"3":{"type":"branch","line":25,"loc":{"start":{"line":25,"column":17},"end":{"line":51,"column":5}},"locations":[{"start":{"line":25,"column":17},"end":{"line":51,"column":5}}]},"4":{"type":"branch","line":35,"loc":{"start":{"line":35,"column":-2},"end":{"line":35,"column":23}},"locations":[{"start":{"line":35,"column":-2},"end":{"line":35,"column":23}}]},"5":{"type":"branch","line":35,"loc":{"start":{"line":35,"column":23},"end":{"line":37,"column":13}},"locations":[{"start":{"line":35,"column":23},"end":{"line":37,"column":13}}]},"6":{"type":"branch","line":38,"loc":{"start":{"line":38,"column":-2},"end":{"line":41,"column":58}},"locations":[{"start":{"line":38,"column":-2},"end":{"line":41,"column":58}}]},"7":{"type":"branch","line":43,"loc":{"start":{"line":43,"column":9},"end":{"line":50,"column":9}},"locations":[{"start":{"line":43,"column":9},"end":{"line":50,"column":9}}]}},"b":{"0":[1],"1":[2],"2":[4],"3":[2],"4":[1],"5":[0],"6":[1],"7":[1]},"fnMap":{"0":{"name":"CheckServiceMultiple","decl":{"start":{"line":13,"column":4},"end":{"line":17,"column":7}},"loc":{"start":{"line":13,"column":4},"end":{"line":17,"column":7}},"line":13},"1":{"name":"callLogs","decl":{"start":{"line":19,"column":12},"end":{"line":23,"column":5}},"loc":{"start":{"line":19,"column":12},"end":{"line":23,"column":5}},"line":19},"2":{"name":"execute","decl":{"start":{"line":25,"column":17},"end":{"line":51,"column":5}},"loc":{"start":{"line":25,"column":17},"end":{"line":51,"column":5}},"line":25}},"f":{"0":1,"1":2,"2":2}}
,"C:\\Users\\HP\\Desktop\\EPN\\SLF\\NODE\\monitoreo\\src\\domain\\use-cases\\checks\\check-service.ts": {"path":"C:\\Users\\HP\\Desktop\\EPN\\SLF\\NODE\\monitoreo\\src\\domain\\use-cases\\checks\\check-service.ts","all":false,"statementMap":{"0":{"start":{"line":1,"column":0},"end":{"line":1,"column":71}},"1":{"start":{"line":2,"column":0},"end":{"line":2,"column":63}},"2":{"start":{"line":3,"column":0},"end":{"line":3,"column":0}},"3":{"start":{"line":4,"column":0},"end":{"line":4,"column":31}},"4":{"start":{"line":5,"column":0},"end":{"line":5,"column":43}},"5":{"start":{"line":6,"column":0},"end":{"line":6,"column":1}},"6":{"start":{"line":7,"column":0},"end":{"line":7,"column":0}},"7":{"start":{"line":8,"column":0},"end":{"line":8,"column":48}},"8":{"start":{"line":9,"column":0},"end":{"line":9,"column":58}},"9":{"start":{"line":10,"column":0},"end":{"line":10,"column":0}},"10":{"start":{"line":11,"column":0},"end":{"line":11,"column":57}},"11":{"start":{"line":12,"column":0},"end":{"line":12,"column":0}},"12":{"start":{"line":13,"column":0},"end":{"line":13,"column":16}},"13":{"start":{"line":14,"column":0},"end":{"line":14,"column":54}},"14":{"start":{"line":15,"column":0},"end":{"line":15,"column":58}},"15":{"start":{"line":16,"column":0},"end":{"line":16,"column":53}},"16":{"start":{"line":17,"column":0},"end":{"line":17,"column":7}},"17":{"start":{"line":18,"column":0},"end":{"line":18,"column":4}},"18":{"start":{"line":19,"column":0},"end":{"line":19,"column":57}},"19":{"start":{"line":20,"column":0},"end":{"line":20,"column":0}},"20":{"start":{"line":21,"column":0},"end":{"line":21,"column":35}},"21":{"start":{"line":22,"column":0},"end":{"line":22,"column":40}},"22":{"start":{"line":23,"column":0},"end":{"line":23,"column":49}},"23":{"start":{"line":24,"column":0},"end":{"line":24,"column":41}},"24":{"start":{"line":25,"column":0},"end":{"line":25,"column":9}},"25":{"start":{"line":26,"column":0},"end":{"line":26,"column":0}},"26":{"start":{"line":27,"column":0},"end":{"line":27,"column":13}},"27":{"start":{"line":28,"column":0},"end":{"line":28,"column":40}},"28":{"start":{"line":29,"column":0},"end":{"line":29,"column":24}},"29":{"start":{"line":30,"column":0},"end":{"line":30,"column":64}},"30":{"start":{"line":31,"column":0},"end":{"line":31,"column":13}},"31":{"start":{"line":32,"column":0},"end":{"line":32,"column":0}},"32":{"start":{"line":33,"column":0},"end":{"line":33,"column":55}},"33":{"start":{"line":34,"column":0},"end":{"line":34,"column":45}},"34":{"start":{"line":35,"column":0},"end":{"line":35,"column":58}},"35":{"start":{"line":36,"column":0},"end":{"line":36,"column":23}},"36":{"start":{"line":37,"column":0},"end":{"line":37,"column":22}},"37":{"start":{"line":38,"column":0},"end":{"line":38,"column":70}},"38":{"start":{"line":39,"column":0},"end":{"line":39,"column":47}},"39":{"start":{"line":40,"column":0},"end":{"line":40,"column":55}},"40":{"start":{"line":41,"column":0},"end":{"line":41,"column":43}},"41":{"start":{"line":42,"column":0},"end":{"line":42,"column":62}},"42":{"start":{"line":43,"column":0},"end":{"line":43,"column":24}},"43":{"start":{"line":44,"column":0},"end":{"line":44,"column":9}},"44":{"start":{"line":45,"column":0},"end":{"line":45,"column":5}},"45":{"start":{"line":46,"column":0},"end":{"line":46,"column":1}}},"s":{"0":1,"1":1,"2":1,"3":1,"4":1,"5":1,"6":1,"7":1,"8":1,"9":1,"10":1,"11":1,"12":1,"13":1,"14":1,"15":1,"16":1,"17":1,"18":1,"19":2,"20":2,"21":2,"22":2,"23":2,"24":2,"25":2,"26":2,"27":2,"28":2,"29":0,"30":0,"31":1,"32":1,"33":1,"34":1,"35":2,"36":2,"37":1,"38":1,"39":1,"40":1,"41":1,"42":1,"43":1,"44":2,"45":1},"branchMap":{"0":{"type":"branch","line":13,"loc":{"start":{"line":13,"column":4},"end":{"line":17,"column":7}},"locations":[{"start":{"line":13,"column":4},"end":{"line":17,"column":7}}]},"1":{"type":"branch","line":19,"loc":{"start":{"line":19,"column":17},"end":{"line":45,"column":5}},"locations":[{"start":{"line":19,"column":17},"end":{"line":45,"column":5}}]},"2":{"type":"branch","line":29,"loc":{"start":{"line":29,"column":-2},"end":{"line":29,"column":23}},"locations":[{"start":{"line":29,"column":-2},"end":{"line":29,"column":23}}]},"3":{"type":"branch","line":29,"loc":{"start":{"line":29,"column":23},"end":{"line":31,"column":13}},"locations":[{"start":{"line":29,"column":23},"end":{"line":31,"column":13}}]},"4":{"type":"branch","line":32,"loc":{"start":{"line":32,"column":-2},"end":{"line":35,"column":58}},"locations":[{"start":{"line":32,"column":-2},"end":{"line":35,"column":58}}]},"5":{"type":"branch","line":37,"loc":{"start":{"line":37,"column":9},"end":{"line":44,"column":9}},"locations":[{"start":{"line":37,"column":9},"end":{"line":44,"column":9}}]}},"b":{"0":[1],"1":[2],"2":[1],"3":[0],"4":[1],"5":[1]},"fnMap":{"0":{"name":"CheckService","decl":{"start":{"line":13,"column":4},"end":{"line":17,"column":7}},"loc":{"start":{"line":13,"column":4},"end":{"line":17,"column":7}},"line":13},"1":{"name":"execute","decl":{"start":{"line":19,"column":17},"end":{"line":45,"column":5}},"loc":{"start":{"line":19,"column":17},"end":{"line":45,"column":5}},"line":19}},"f":{"0":1,"1":2}}
,"C:\\Users\\HP\\Desktop\\EPN\\SLF\\NODE\\monitoreo\\src\\domain\\use-cases\\email\\send.-logs.ts": {"path":"C:\\Users\\HP\\Desktop\\EPN\\SLF\\NODE\\monitoreo\\src\\domain\\use-cases\\email\\send.-logs.ts","all":false,"statementMap":{"0":{"start":{"line":1,"column":0},"end":{"line":1,"column":72}},"1":{"start":{"line":2,"column":0},"end":{"line":2,"column":71}},"2":{"start":{"line":3,"column":0},"end":{"line":3,"column":63}},"3":{"start":{"line":4,"column":0},"end":{"line":4,"column":0}},"4":{"start":{"line":5,"column":0},"end":{"line":5,"column":0}},"5":{"start":{"line":6,"column":0},"end":{"line":6,"column":31}},"6":{"start":{"line":7,"column":0},"end":{"line":7,"column":56}},"7":{"start":{"line":8,"column":0},"end":{"line":8,"column":1}},"8":{"start":{"line":9,"column":0},"end":{"line":9,"column":0}},"9":{"start":{"line":10,"column":0},"end":{"line":10,"column":59}},"10":{"start":{"line":11,"column":0},"end":{"line":11,"column":0}},"11":{"start":{"line":12,"column":0},"end":{"line":12,"column":16}},"12":{"start":{"line":13,"column":0},"end":{"line":13,"column":52}},"13":{"start":{"line":14,"column":0},"end":{"line":14,"column":53}},"14":{"start":{"line":15,"column":0},"end":{"line":15,"column":7}},"15":{"start":{"line":16,"column":0},"end":{"line":16,"column":0}},"16":{"start":{"line":17,"column":0},"end":{"line":17,"column":43}},"17":{"start":{"line":18,"column":0},"end":{"line":18,"column":0}},"18":{"start":{"line":19,"column":0},"end":{"line":19,"column":12}},"19":{"start":{"line":20,"column":0},"end":{"line":20,"column":80}},"20":{"start":{"line":21,"column":0},"end":{"line":21,"column":23}},"21":{"start":{"line":22,"column":0},"end":{"line":22,"column":54}},"22":{"start":{"line":23,"column":0},"end":{"line":23,"column":13}},"23":{"start":{"line":24,"column":0},"end":{"line":24,"column":39}},"24":{"start":{"line":25,"column":0},"end":{"line":25,"column":44}},"25":{"start":{"line":26,"column":0},"end":{"line":26,"column":44}},"26":{"start":{"line":27,"column":0},"end":{"line":27,"column":45}},"27":{"start":{"line":28,"column":0},"end":{"line":28,"column":14}},"28":{"start":{"line":29,"column":0},"end":{"line":29,"column":0}},"29":{"start":{"line":30,"column":0},"end":{"line":30,"column":43}},"30":{"start":{"line":31,"column":0},"end":{"line":31,"column":23}},"31":{"start":{"line":32,"column":0},"end":{"line":32,"column":22}},"32":{"start":{"line":33,"column":0},"end":{"line":33,"column":0}},"33":{"start":{"line":34,"column":0},"end":{"line":34,"column":39}},"34":{"start":{"line":35,"column":0},"end":{"line":35,"column":43}},"35":{"start":{"line":36,"column":0},"end":{"line":36,"column":45}},"36":{"start":{"line":37,"column":0},"end":{"line":37,"column":45}},"37":{"start":{"line":38,"column":0},"end":{"line":38,"column":14}},"38":{"start":{"line":39,"column":0},"end":{"line":39,"column":43}},"39":{"start":{"line":40,"column":0},"end":{"line":40,"column":0}},"40":{"start":{"line":41,"column":0},"end":{"line":41,"column":24}},"41":{"start":{"line":42,"column":0},"end":{"line":42,"column":0}},"42":{"start":{"line":43,"column":0},"end":{"line":43,"column":9}},"43":{"start":{"line":44,"column":0},"end":{"line":44,"column":0}},"44":{"start":{"line":45,"column":0},"end":{"line":45,"column":19}},"45":{"start":{"line":46,"column":0},"end":{"line":46,"column":6}},"46":{"start":{"line":47,"column":0},"end":{"line":47,"column":0}},"47":{"start":{"line":48,"column":0},"end":{"line":48,"column":1}}},"s":{"0":1,"1":1,"2":1,"3":1,"4":1,"5":1,"6":1,"7":1,"8":1,"9":1,"10":1,"11":1,"12":1,"13":1,"14":1,"15":1,"16":1,"17":2,"18":2,"19":2,"20":2,"21":1,"22":1,"23":1,"24":1,"25":1,"26":1,"27":1,"28":1,"29":1,"30":1,"31":1,"32":1,"33":1,"34":1,"35":1,"36":1,"37":1,"38":1,"39":1,"40":1,"41":1,"42":1,"43":0,"44":0,"45":2,"46":1,"47":1},"branchMap":{"0":{"type":"branch","line":12,"loc":{"start":{"line":12,"column":4},"end":{"line":15,"column":7}},"locations":[{"start":{"line":12,"column":4},"end":{"line":15,"column":7}}]},"1":{"type":"branch","line":17,"loc":{"start":{"line":17,"column":10},"end":{"line":46,"column":6}},"locations":[{"start":{"line":17,"column":10},"end":{"line":46,"column":6}}]},"2":{"type":"branch","line":21,"loc":{"start":{"line":21,"column":22},"end":{"line":43,"column":9}},"locations":[{"start":{"line":21,"column":22},"end":{"line":43,"column":9}}]},"3":{"type":"branch","line":44,"loc":{"start":{"line":44,"column":-2},"end":{"line":46,"column":5}},"locations":[{"start":{"line":44,"column":-2},"end":{"line":46,"column":5}}]}},"b":{"0":[1],"1":[2],"2":[1],"3":[0]},"fnMap":{"0":{"name":"sendEmailLogs","decl":{"start":{"line":12,"column":4},"end":{"line":15,"column":7}},"loc":{"start":{"line":12,"column":4},"end":{"line":15,"column":7}},"line":12},"1":{"name":"execute","decl":{"start":{"line":17,"column":10},"end":{"line":46,"column":6}},"loc":{"start":{"line":17,"column":10},"end":{"line":46,"column":6}},"line":17}},"f":{"0":1,"1":2}}
,"C:\\Users\\HP\\Desktop\\EPN\\SLF\\NODE\\monitoreo\\src\\infraestructure\\datasources\\file-system.datasource.ts": {"path":"C:\\Users\\HP\\Desktop\\EPN\\SLF\\NODE\\monitoreo\\src\\infraestructure\\datasources\\file-system.datasource.ts","all":false,"statementMap":{"0":{"start":{"line":1,"column":0},"end":{"line":1,"column":20}},"1":{"start":{"line":2,"column":0},"end":{"line":2,"column":73}},"2":{"start":{"line":3,"column":0},"end":{"line":3,"column":79}},"3":{"start":{"line":4,"column":0},"end":{"line":4,"column":0}},"4":{"start":{"line":5,"column":0},"end":{"line":5,"column":60}},"5":{"start":{"line":6,"column":0},"end":{"line":6,"column":0}},"6":{"start":{"line":7,"column":0},"end":{"line":7,"column":38}},"7":{"start":{"line":8,"column":0},"end":{"line":8,"column":54}},"8":{"start":{"line":9,"column":0},"end":{"line":9,"column":60}},"9":{"start":{"line":10,"column":0},"end":{"line":10,"column":56}},"10":{"start":{"line":11,"column":0},"end":{"line":11,"column":0}},"11":{"start":{"line":12,"column":0},"end":{"line":12,"column":19}},"12":{"start":{"line":13,"column":0},"end":{"line":13,"column":30}},"13":{"start":{"line":14,"column":0},"end":{"line":14,"column":5}},"14":{"start":{"line":15,"column":0},"end":{"line":15,"column":0}},"15":{"start":{"line":16,"column":0},"end":{"line":16,"column":37}},"16":{"start":{"line":17,"column":0},"end":{"line":17,"column":41}},"17":{"start":{"line":18,"column":0},"end":{"line":18,"column":38}},"18":{"start":{"line":19,"column":0},"end":{"line":19,"column":9}},"19":{"start":{"line":20,"column":0},"end":{"line":20,"column":9}},"20":{"start":{"line":21,"column":0},"end":{"line":21,"column":29}},"21":{"start":{"line":22,"column":0},"end":{"line":22,"column":32}},"22":{"start":{"line":23,"column":0},"end":{"line":23,"column":29}},"23":{"start":{"line":24,"column":0},"end":{"line":24,"column":25}},"24":{"start":{"line":25,"column":0},"end":{"line":25,"column":48}},"25":{"start":{"line":26,"column":0},"end":{"line":26,"column":0}},"26":{"start":{"line":27,"column":0},"end":{"line":27,"column":41}},"27":{"start":{"line":28,"column":0},"end":{"line":28,"column":10}},"28":{"start":{"line":29,"column":0},"end":{"line":29,"column":5}},"29":{"start":{"line":30,"column":0},"end":{"line":30,"column":0}},"30":{"start":{"line":31,"column":0},"end":{"line":31,"column":53}},"31":{"start":{"line":32,"column":0},"end":{"line":32,"column":55}},"32":{"start":{"line":33,"column":0},"end":{"line":33,"column":54}},"33":{"start":{"line":34,"column":0},"end":{"line":34,"column":57}},"34":{"start":{"line":35,"column":0},"end":{"line":35,"column":54}},"35":{"start":{"line":36,"column":0},"end":{"line":36,"column":61}},"36":{"start":{"line":37,"column":0},"end":{"line":37,"column":14}},"37":{"start":{"line":38,"column":0},"end":{"line":38,"column":59}},"38":{"start":{"line":39,"column":0},"end":{"line":39,"column":9}},"39":{"start":{"line":40,"column":0},"end":{"line":40,"column":5}},"40":{"start":{"line":41,"column":0},"end":{"line":41,"column":0}},"41":{"start":{"line":42,"column":0},"end":{"line":42,"column":63}},"42":{"start":{"line":43,"column":0},"end":{"line":43,"column":54}},"43":{"start":{"line":44,"column":0},"end":{"line":44,"column":37}},"44":{"start":{"line":45,"column":0},"end":{"line":45,"column":82}},"45":{"start":{"line":46,"column":0},"end":{"line":46,"column":72}},"46":{"start":{"line":47,"column":0},"end":{"line":47,"column":25}},"47":{"start":{"line":48,"column":0},"end":{"line":48,"column":5}},"48":{"start":{"line":49,"column":0},"end":{"line":49,"column":0}},"49":{"start":{"line":50,"column":0},"end":{"line":50,"column":74}},"50":{"start":{"line":51,"column":0},"end":{"line":51,"column":30}},"51":{"start":{"line":52,"column":0},"end":{"line":52,"column":38}},"52":{"start":{"line":53,"column":0},"end":{"line":53,"column":61}},"53":{"start":{"line":54,"column":0},"end":{"line":54,"column":41}},"54":{"start":{"line":55,"column":0},"end":{"line":55,"column":64}},"55":{"start":{"line":56,"column":0},"end":{"line":56,"column":39}},"56":{"start":{"line":57,"column":0},"end":{"line":57,"column":62}},"57":{"start":{"line":58,"column":0},"end":{"line":58,"column":20}},"58":{"start":{"line":59,"column":0},"end":{"line":59,"column":67}},"59":{"start":{"line":60,"column":0},"end":{"line":60,"column":9}},"60":{"start":{"line":61,"column":0},"end":{"line":61,"column":5}},"61":{"start":{"line":62,"column":0},"end":{"line":62,"column":0}},"62":{"start":{"line":63,"column":0},"end":{"line":63,"column":1}}},"s":{"0":1,"1":1,"2":1,"3":1,"4":1,"5":1,"6":1,"7":1,"8":1,"9":1,"10":1,"11":1,"12":7,"13":7,"14":1,"15":1,"16":7,"17":6,"18":6,"19":7,"20":7,"21":7,"22":7,"23":7,"24":21,"25":18,"26":18,"27":7,"28":7,"29":1,"30":1,"31":6,"32":6,"33":6,"34":6,"35":2,"36":2,"37":2,"38":2,"39":6,"40":1,"41":1,"42":3,"43":3,"44":3,"45":3,"46":3,"47":3,"48":1,"49":1,"50":3,"51":3,"52":1,"53":3,"54":1,"55":3,"56":1,"57":3,"58":0,"59":3,"60":3,"61":1,"62":1},"branchMap":{"0":{"type":"branch","line":12,"loc":{"start":{"line":12,"column":4},"end":{"line":14,"column":5}},"locations":[{"start":{"line":12,"column":4},"end":{"line":14,"column":5}}]},"1":{"type":"branch","line":16,"loc":{"start":{"line":16,"column":30},"end":{"line":29,"column":5}},"locations":[{"start":{"line":16,"column":30},"end":{"line":29,"column":5}}]},"2":{"type":"branch","line":17,"loc":{"start":{"line":17,"column":40},"end":{"line":19,"column":9}},"locations":[{"start":{"line":17,"column":40},"end":{"line":19,"column":9}}]},"3":{"type":"branch","line":24,"loc":{"start":{"line":24,"column":18},"end":{"line":28,"column":9}},"locations":[{"start":{"line":24,"column":18},"end":{"line":28,"column":9}}]},"4":{"type":"branch","line":25,"loc":{"start":{"line":25,"column":41},"end":{"line":25,"column":48}},"locations":[{"start":{"line":25,"column":41},"end":{"line":25,"column":48}}]},"5":{"type":"branch","line":26,"loc":{"start":{"line":26,"column":-2},"end":{"line":28,"column":9}},"locations":[{"start":{"line":26,"column":-2},"end":{"line":28,"column":9}}]},"6":{"type":"branch","line":42,"loc":{"start":{"line":42,"column":30},"end":{"line":48,"column":5}},"locations":[{"start":{"line":42,"column":30},"end":{"line":48,"column":5}}]},"7":{"type":"branch","line":44,"loc":{"start":{"line":44,"column":28},"end":{"line":44,"column":37}},"locations":[{"start":{"line":44,"column":28},"end":{"line":44,"column":37}}]},"8":{"type":"branch","line":45,"loc":{"start":{"line":45,"column":51},"end":{"line":45,"column":81}},"locations":[{"start":{"line":45,"column":51},"end":{"line":45,"column":81}}]},"9":{"type":"branch","line":31,"loc":{"start":{"line":31,"column":10},"end":{"line":40,"column":5}},"locations":[{"start":{"line":31,"column":10},"end":{"line":40,"column":5}}]},"10":{"type":"branch","line":34,"loc":{"start":{"line":34,"column":51},"end":{"line":34,"column":57}},"locations":[{"start":{"line":34,"column":51},"end":{"line":34,"column":57}}]},"11":{"type":"branch","line":35,"loc":{"start":{"line":35,"column":-2},"end":{"line":35,"column":53}},"locations":[{"start":{"line":35,"column":-2},"end":{"line":35,"column":53}}]},"12":{"type":"branch","line":35,"loc":{"start":{"line":35,"column":53},"end":{"line":39,"column":9}},"locations":[{"start":{"line":35,"column":53},"end":{"line":39,"column":9}}]},"13":{"type":"branch","line":50,"loc":{"start":{"line":50,"column":10},"end":{"line":61,"column":5}},"locations":[{"start":{"line":50,"column":10},"end":{"line":61,"column":5}}]},"14":{"type":"branch","line":52,"loc":{"start":{"line":52,"column":12},"end":{"line":53,"column":61}},"locations":[{"start":{"line":52,"column":12},"end":{"line":53,"column":61}}]},"15":{"type":"branch","line":54,"loc":{"start":{"line":54,"column":12},"end":{"line":55,"column":64}},"locations":[{"start":{"line":54,"column":12},"end":{"line":55,"column":64}}]},"16":{"type":"branch","line":56,"loc":{"start":{"line":56,"column":12},"end":{"line":57,"column":62}},"locations":[{"start":{"line":56,"column":12},"end":{"line":57,"column":62}}]},"17":{"type":"branch","line":58,"loc":{"start":{"line":58,"column":12},"end":{"line":59,"column":67}},"locations":[{"start":{"line":58,"column":12},"end":{"line":59,"column":67}}]}},"b":{"0":[7],"1":[7],"2":[6],"3":[21],"4":[3],"5":[18],"6":[3],"7":[0],"8":[8],"9":[6],"10":[2],"11":[4],"12":[2],"13":[3],"14":[1],"15":[1],"16":[1],"17":[0]},"fnMap":{"0":{"name":"FIleSystemDataSource","decl":{"start":{"line":12,"column":4},"end":{"line":14,"column":5}},"loc":{"start":{"line":12,"column":4},"end":{"line":14,"column":5}},"line":12},"1":{"name":"FIleSystemDataSource.createLogsFiles","decl":{"start":{"line":16,"column":30},"end":{"line":29,"column":5}},"loc":{"start":{"line":16,"column":30},"end":{"line":29,"column":5}},"line":16},"2":{"name":"FIleSystemDataSource.getLogsfromFile","decl":{"start":{"line":42,"column":30},"end":{"line":48,"column":5}},"loc":{"start":{"line":42,"column":30},"end":{"line":48,"column":5}},"line":42},"3":{"name":"saveLog","decl":{"start":{"line":31,"column":10},"end":{"line":40,"column":5}},"loc":{"start":{"line":31,"column":10},"end":{"line":40,"column":5}},"line":31},"4":{"name":"getLogs","decl":{"start":{"line":50,"column":10},"end":{"line":61,"column":5}},"loc":{"start":{"line":50,"column":10},"end":{"line":61,"column":5}},"line":50}},"f":{"0":7,"1":7,"2":3,"3":6,"4":3}}
,"C:\\Users\\HP\\Desktop\\EPN\\SLF\\NODE\\monitoreo\\src\\infraestructure\\datasources\\mongo.datasource.ts": {"path":"C:\\Users\\HP\\Desktop\\EPN\\SLF\\NODE\\monitoreo\\src\\infraestructure\\datasources\\mongo.datasource.ts","all":false,"statementMap":{"0":{"start":{"line":1,"column":0},"end":{"line":1,"column":44}},"1":{"start":{"line":2,"column":0},"end":{"line":2,"column":73}},"2":{"start":{"line":3,"column":0},"end":{"line":3,"column":79}},"3":{"start":{"line":4,"column":0},"end":{"line":4,"column":0}},"4":{"start":{"line":5,"column":0},"end":{"line":5,"column":0}},"5":{"start":{"line":6,"column":0},"end":{"line":6,"column":58}},"6":{"start":{"line":7,"column":0},"end":{"line":7,"column":50}},"7":{"start":{"line":8,"column":0},"end":{"line":8,"column":49}},"8":{"start":{"line":9,"column":0},"end":{"line":9,"column":54}},"9":{"start":{"line":10,"column":0},"end":{"line":10,"column":5}},"10":{"start":{"line":11,"column":0},"end":{"line":11,"column":74}},"11":{"start":{"line":12,"column":0},"end":{"line":12,"column":42}},"12":{"start":{"line":13,"column":0},"end":{"line":13,"column":32}},"13":{"start":{"line":14,"column":0},"end":{"line":14,"column":10}},"14":{"start":{"line":15,"column":0},"end":{"line":15,"column":55}},"15":{"start":{"line":16,"column":0},"end":{"line":16,"column":5}},"16":{"start":{"line":17,"column":0},"end":{"line":17,"column":0}},"17":{"start":{"line":18,"column":0},"end":{"line":18,"column":1}}},"s":{"0":1,"1":1,"2":1,"3":1,"4":1,"5":1,"6":1,"7":2,"8":2,"9":2,"10":1,"11":1,"12":1,"13":1,"14":1,"15":1,"16":1,"17":1},"branchMap":{"0":{"type":"branch","line":7,"loc":{"start":{"line":7,"column":10},"end":{"line":10,"column":5}},"locations":[{"start":{"line":7,"column":10},"end":{"line":10,"column":5}}]},"1":{"type":"branch","line":11,"loc":{"start":{"line":11,"column":10},"end":{"line":16,"column":5}},"locations":[{"start":{"line":11,"column":10},"end":{"line":16,"column":5}}]},"2":{"type":"branch","line":15,"loc":{"start":{"line":15,"column":24},"end":{"line":15,"column":54}},"locations":[{"start":{"line":15,"column":24},"end":{"line":15,"column":54}}]}},"b":{"0":[2],"1":[1],"2":[1]},"fnMap":{"0":{"name":"saveLog","decl":{"start":{"line":7,"column":10},"end":{"line":10,"column":5}},"loc":{"start":{"line":7,"column":10},"end":{"line":10,"column":5}},"line":7},"1":{"name":"getLogs","decl":{"start":{"line":11,"column":10},"end":{"line":16,"column":5}},"loc":{"start":{"line":11,"column":10},"end":{"line":16,"column":5}},"line":11}},"f":{"0":2,"1":1}}
,"C:\\Users\\HP\\Desktop\\EPN\\SLF\\NODE\\monitoreo\\src\\infraestructure\\repositories\\log.repository.implementation.ts": {"path":"C:\\Users\\HP\\Desktop\\EPN\\SLF\\NODE\\monitoreo\\src\\infraestructure\\repositories\\log.repository.implementation.ts","all":false,"statementMap":{"0":{"start":{"line":1,"column":0},"end":{"line":1,"column":73}},"1":{"start":{"line":2,"column":0},"end":{"line":2,"column":79}},"2":{"start":{"line":3,"column":0},"end":{"line":3,"column":71}},"3":{"start":{"line":4,"column":0},"end":{"line":4,"column":0}},"4":{"start":{"line":5,"column":0},"end":{"line":5,"column":57}},"5":{"start":{"line":6,"column":0},"end":{"line":6,"column":0}},"6":{"start":{"line":7,"column":0},"end":{"line":7,"column":16}},"7":{"start":{"line":8,"column":0},"end":{"line":8,"column":101}},"8":{"start":{"line":9,"column":0},"end":{"line":9,"column":7}},"9":{"start":{"line":10,"column":0},"end":{"line":10,"column":50}},"10":{"start":{"line":11,"column":0},"end":{"line":11,"column":46}},"11":{"start":{"line":12,"column":0},"end":{"line":12,"column":5}},"12":{"start":{"line":13,"column":0},"end":{"line":13,"column":74}},"13":{"start":{"line":14,"column":0},"end":{"line":14,"column":56}},"14":{"start":{"line":15,"column":0},"end":{"line":15,"column":5}},"15":{"start":{"line":16,"column":0},"end":{"line":16,"column":0}},"16":{"start":{"line":17,"column":0},"end":{"line":17,"column":1}}},"s":{"0":1,"1":1,"2":1,"3":1,"4":1,"5":1,"6":1,"7":1,"8":1,"9":1,"10":1,"11":1,"12":1,"13":1,"14":1,"15":1,"16":1},"branchMap":{"0":{"type":"branch","line":7,"loc":{"start":{"line":7,"column":4},"end":{"line":9,"column":7}},"locations":[{"start":{"line":7,"column":4},"end":{"line":9,"column":7}}]},"1":{"type":"branch","line":10,"loc":{"start":{"line":10,"column":10},"end":{"line":12,"column":5}},"locations":[{"start":{"line":10,"column":10},"end":{"line":12,"column":5}}]},"2":{"type":"branch","line":13,"loc":{"start":{"line":13,"column":10},"end":{"line":15,"column":5}},"locations":[{"start":{"line":13,"column":10},"end":{"line":15,"column":5}}]}},"b":{"0":[1],"1":[1],"2":[1]},"fnMap":{"0":{"name":"LogRepositoryImpl","decl":{"start":{"line":7,"column":4},"end":{"line":9,"column":7}},"loc":{"start":{"line":7,"column":4},"end":{"line":9,"column":7}},"line":7},"1":{"name":"saveLog","decl":{"start":{"line":10,"column":10},"end":{"line":12,"column":5}},"loc":{"start":{"line":10,"column":10},"end":{"line":12,"column":5}},"line":10},"2":{"name":"getLogs","decl":{"start":{"line":13,"column":10},"end":{"line":15,"column":5}},"loc":{"start":{"line":13,"column":10},"end":{"line":15,"column":5}},"line":13}},"f":{"0":1,"1":1,"2":1}}
,"C:\\Users\\HP\\Desktop\\EPN\\SLF\\NODE\\monitoreo\\src\\presentation\\cron\\cron-service.ts": {"path":"C:\\Users\\HP\\Desktop\\EPN\\SLF\\NODE\\monitoreo\\src\\presentation\\cron\\cron-service.ts","all":false,"statementMap":{"0":{"start":{"line":1,"column":0},"end":{"line":1,"column":28}},"1":{"start":{"line":2,"column":0},"end":{"line":2,"column":0}},"2":{"start":{"line":3,"column":0},"end":{"line":3,"column":29}},"3":{"start":{"line":4,"column":0},"end":{"line":4,"column":24}},"4":{"start":{"line":5,"column":0},"end":{"line":5,"column":0}},"5":{"start":{"line":6,"column":0},"end":{"line":6,"column":27}},"6":{"start":{"line":7,"column":0},"end":{"line":7,"column":73}},"7":{"start":{"line":8,"column":0},"end":{"line":8,"column":49}},"8":{"start":{"line":9,"column":0},"end":{"line":9,"column":0}},"9":{"start":{"line":10,"column":0},"end":{"line":10,"column":19}},"10":{"start":{"line":11,"column":0},"end":{"line":11,"column":0}},"11":{"start":{"line":12,"column":0},"end":{"line":12,"column":18}},"12":{"start":{"line":13,"column":0},"end":{"line":13,"column":5}},"13":{"start":{"line":14,"column":0},"end":{"line":14,"column":1}}},"s":{"0":1,"1":1,"2":1,"3":1,"4":1,"5":1,"6":1,"7":1,"8":1,"9":1,"10":1,"11":1,"12":1,"13":1},"branchMap":{"0":{"type":"branch","line":7,"loc":{"start":{"line":7,"column":18},"end":{"line":13,"column":5}},"locations":[{"start":{"line":7,"column":18},"end":{"line":13,"column":5}}]}},"b":{"0":[1]},"fnMap":{"0":{"name":"createJob","decl":{"start":{"line":7,"column":18},"end":{"line":13,"column":5}},"loc":{"start":{"line":7,"column":18},"end":{"line":13,"column":5}},"line":7}},"f":{"0":1}}
,"C:\\Users\\HP\\Desktop\\EPN\\SLF\\NODE\\monitoreo\\src\\presentation\\email\\email.service.ts": {"path":"C:\\Users\\HP\\Desktop\\EPN\\SLF\\NODE\\monitoreo\\src\\presentation\\email\\email.service.ts","all":false,"statementMap":{"0":{"start":{"line":1,"column":0},"end":{"line":1,"column":35}},"1":{"start":{"line":2,"column":0},"end":{"line":2,"column":55}},"2":{"start":{"line":3,"column":0},"end":{"line":3,"column":71}},"3":{"start":{"line":4,"column":0},"end":{"line":4,"column":79}},"4":{"start":{"line":5,"column":0},"end":{"line":5,"column":0}},"5":{"start":{"line":6,"column":0},"end":{"line":6,"column":34}},"6":{"start":{"line":7,"column":0},"end":{"line":7,"column":26}},"7":{"start":{"line":8,"column":0},"end":{"line":8,"column":20}},"8":{"start":{"line":9,"column":0},"end":{"line":9,"column":21}},"9":{"start":{"line":10,"column":0},"end":{"line":10,"column":30}},"10":{"start":{"line":11,"column":0},"end":{"line":11,"column":1}},"11":{"start":{"line":12,"column":0},"end":{"line":12,"column":0}},"12":{"start":{"line":13,"column":0},"end":{"line":13,"column":29}},"13":{"start":{"line":14,"column":0},"end":{"line":14,"column":21}},"14":{"start":{"line":15,"column":0},"end":{"line":15,"column":16}},"15":{"start":{"line":16,"column":0},"end":{"line":16,"column":1}},"16":{"start":{"line":17,"column":0},"end":{"line":17,"column":27}},"17":{"start":{"line":18,"column":0},"end":{"line":18,"column":0}},"18":{"start":{"line":19,"column":0},"end":{"line":19,"column":54}},"19":{"start":{"line":20,"column":0},"end":{"line":20,"column":37}},"20":{"start":{"line":21,"column":0},"end":{"line":21,"column":15}},"21":{"start":{"line":22,"column":0},"end":{"line":22,"column":35}},"22":{"start":{"line":23,"column":0},"end":{"line":23,"column":40}},"23":{"start":{"line":24,"column":0},"end":{"line":24,"column":9}},"24":{"start":{"line":25,"column":0},"end":{"line":25,"column":6}},"25":{"start":{"line":26,"column":0},"end":{"line":26,"column":0}},"26":{"start":{"line":27,"column":0},"end":{"line":27,"column":8}},"27":{"start":{"line":28,"column":0},"end":{"line":28,"column":19}},"28":{"start":{"line":29,"column":0},"end":{"line":29,"column":57}},"29":{"start":{"line":30,"column":0},"end":{"line":30,"column":10}},"30":{"start":{"line":31,"column":0},"end":{"line":31,"column":0}},"31":{"start":{"line":32,"column":0},"end":{"line":32,"column":65}},"32":{"start":{"line":33,"column":0},"end":{"line":33,"column":0}},"33":{"start":{"line":34,"column":0},"end":{"line":34,"column":67}},"34":{"start":{"line":35,"column":0},"end":{"line":35,"column":0}},"35":{"start":{"line":36,"column":0},"end":{"line":36,"column":13}},"36":{"start":{"line":37,"column":0},"end":{"line":37,"column":69}},"37":{"start":{"line":38,"column":0},"end":{"line":38,"column":23}},"38":{"start":{"line":39,"column":0},"end":{"line":39,"column":33}},"39":{"start":{"line":40,"column":0},"end":{"line":40,"column":31}},"40":{"start":{"line":41,"column":0},"end":{"line":41,"column":40}},"41":{"start":{"line":42,"column":0},"end":{"line":42,"column":14}},"42":{"start":{"line":43,"column":0},"end":{"line":43,"column":0}},"43":{"start":{"line":44,"column":0},"end":{"line":44,"column":39}},"44":{"start":{"line":45,"column":0},"end":{"line":45,"column":44}},"45":{"start":{"line":46,"column":0},"end":{"line":46,"column":38}},"46":{"start":{"line":47,"column":0},"end":{"line":47,"column":42}},"47":{"start":{"line":48,"column":0},"end":{"line":48,"column":14}},"48":{"start":{"line":49,"column":0},"end":{"line":49,"column":46}},"49":{"start":{"line":50,"column":0},"end":{"line":50,"column":23}},"50":{"start":{"line":51,"column":0},"end":{"line":51,"column":25}},"51":{"start":{"line":52,"column":0},"end":{"line":52,"column":12}},"52":{"start":{"line":53,"column":0},"end":{"line":53,"column":39}},"53":{"start":{"line":54,"column":0},"end":{"line":54,"column":44}},"54":{"start":{"line":55,"column":0},"end":{"line":55,"column":64}},"55":{"start":{"line":56,"column":0},"end":{"line":56,"column":42}},"56":{"start":{"line":57,"column":0},"end":{"line":57,"column":14}},"57":{"start":{"line":58,"column":0},"end":{"line":58,"column":46}},"58":{"start":{"line":59,"column":0},"end":{"line":59,"column":24}},"59":{"start":{"line":60,"column":0},"end":{"line":60,"column":9}},"60":{"start":{"line":61,"column":0},"end":{"line":61,"column":5}},"61":{"start":{"line":62,"column":0},"end":{"line":62,"column":0}},"62":{"start":{"line":63,"column":0},"end":{"line":63,"column":62}},"63":{"start":{"line":64,"column":0},"end":{"line":64,"column":41}},"64":{"start":{"line":65,"column":0},"end":{"line":65,"column":26}},"65":{"start":{"line":66,"column":0},"end":{"line":66,"column":0}},"66":{"start":{"line":67,"column":0},"end":{"line":67,"column":28}},"67":{"start":{"line":68,"column":0},"end":{"line":68,"column":45}},"68":{"start":{"line":69,"column":0},"end":{"line":69,"column":25}},"69":{"start":{"line":70,"column":0},"end":{"line":70,"column":0}},"70":{"start":{"line":71,"column":0},"end":{"line":71,"column":9}},"71":{"start":{"line":72,"column":0},"end":{"line":72,"column":0}},"72":{"start":{"line":73,"column":0},"end":{"line":73,"column":42}},"73":{"start":{"line":74,"column":0},"end":{"line":74,"column":76}},"74":{"start":{"line":75,"column":0},"end":{"line":75,"column":78}},"75":{"start":{"line":76,"column":0},"end":{"line":76,"column":82}},"76":{"start":{"line":77,"column":0},"end":{"line":77,"column":9}},"77":{"start":{"line":78,"column":0},"end":{"line":78,"column":0}},"78":{"start":{"line":79,"column":0},"end":{"line":79,"column":31}},"79":{"start":{"line":80,"column":0},"end":{"line":80,"column":18}},"80":{"start":{"line":81,"column":0},"end":{"line":81,"column":28}},"81":{"start":{"line":82,"column":0},"end":{"line":82,"column":30}},"82":{"start":{"line":83,"column":0},"end":{"line":83,"column":23}},"83":{"start":{"line":84,"column":0},"end":{"line":84,"column":10}},"84":{"start":{"line":85,"column":0},"end":{"line":85,"column":5}},"85":{"start":{"line":86,"column":0},"end":{"line":86,"column":1}}},"s":{"0":1,"1":1,"2":1,"3":1,"4":1,"5":1,"6":1,"7":1,"8":1,"9":1,"10":1,"11":1,"12":1,"13":1,"14":1,"15":1,"16":1,"17":1,"18":1,"19":1,"20":1,"21":1,"22":1,"23":1,"24":1,"25":1,"26":1,"27":1,"28":1,"29":1,"30":1,"31":1,"32":2,"33":2,"34":2,"35":2,"36":2,"37":2,"38":2,"39":2,"40":2,"41":2,"42":2,"43":2,"44":2,"45":2,"46":2,"47":2,"48":2,"49":2,"50":2,"51":0,"52":0,"53":0,"54":0,"55":0,"56":0,"57":0,"58":0,"59":0,"60":2,"61":1,"62":1,"63":1,"64":1,"65":1,"66":1,"67":1,"68":1,"69":1,"70":1,"71":1,"72":1,"73":1,"74":1,"75":1,"76":1,"77":1,"78":1,"79":1,"80":1,"81":1,"82":1,"83":1,"84":1,"85":1},"branchMap":{"0":{"type":"branch","line":17,"loc":{"start":{"line":17,"column":0},"end":{"line":86,"column":1}},"locations":[{"start":{"line":17,"column":0},"end":{"line":86,"column":1}}]},"1":{"type":"branch","line":32,"loc":{"start":{"line":32,"column":10},"end":{"line":61,"column":5}},"locations":[{"start":{"line":32,"column":10},"end":{"line":61,"column":5}}]},"2":{"type":"branch","line":51,"loc":{"start":{"line":51,"column":10},"end":{"line":60,"column":9}},"locations":[{"start":{"line":51,"column":10},"end":{"line":60,"column":9}}]},"3":{"type":"branch","line":63,"loc":{"start":{"line":63,"column":10},"end":{"line":85,"column":5}},"locations":[{"start":{"line":63,"column":10},"end":{"line":85,"column":5}}]}},"b":{"0":[1],"1":[2],"2":[0],"3":[1]},"fnMap":{"0":{"name":"Emailservice","decl":{"start":{"line":17,"column":0},"end":{"line":86,"column":1}},"loc":{"start":{"line":17,"column":0},"end":{"line":86,"column":1}},"line":17},"1":{"name":"sendEmail","decl":{"start":{"line":32,"column":10},"end":{"line":61,"column":5}},"loc":{"start":{"line":32,"column":10},"end":{"line":61,"column":5}},"line":32},"2":{"name":"sendEmailWithFileSystemLogs","decl":{"start":{"line":63,"column":10},"end":{"line":85,"column":5}},"loc":{"start":{"line":63,"column":10},"end":{"line":85,"column":5}},"line":63}},"f":{"0":1,"1":2,"2":1}}
}
